This is XeTeX, Version 3.141592653-2.6-0.999996 (TeX Live 2024) (preloaded format=xelatex 2024.12.18)  18 DEC 2024 10:53
entering extended mode
 restricted \write18 enabled.
 %&-line parsing enabled.
**index.tex
(./index.tex
LaTeX2e <2024-11-01> patch level 1
L3 programming layer <2024-11-02>
(c:/Users/alice.beittel/AppData/Roaming/TinyTeX/texmf-dist/tex/latex/koma-script/scrbook.cls
Document Class: scrbook 2024/10/24 v3.43 KOMA-Script document class (book)
(c:/Users/alice.beittel/AppData/Roaming/TinyTeX/texmf-dist/tex/latex/koma-script/scrkbase.sty
Package: scrkbase 2024/10/24 v3.43 KOMA-Script package (KOMA-Script-dependent basics and keyval usage)
(c:/Users/alice.beittel/AppData/Roaming/TinyTeX/texmf-dist/tex/latex/koma-script/scrbase.sty
Package: scrbase 2024/10/24 v3.43 KOMA-Script package (KOMA-Script-independent basics and keyval usage)
(c:/Users/alice.beittel/AppData/Roaming/TinyTeX/texmf-dist/tex/latex/koma-script/scrlfile.sty
Package: scrlfile 2024/10/24 v3.43 KOMA-Script package (file load hooks)
(c:/Users/alice.beittel/AppData/Roaming/TinyTeX/texmf-dist/tex/latex/koma-script/scrlfile-hook.sty
Package: scrlfile-hook 2024/10/24 v3.43 KOMA-Script package (using LaTeX hooks)
(c:/Users/alice.beittel/AppData/Roaming/TinyTeX/texmf-dist/tex/latex/koma-script/scrlogo.sty
Package: scrlogo 2024/10/24 v3.43 KOMA-Script package (logo)
))) (c:/Users/alice.beittel/AppData/Roaming/TinyTeX/texmf-dist/tex/latex/graphics/keyval.sty
Package: keyval 2022/05/29 v1.15 key=value parser (DPC)
\KV@toks@=\toks17
)
Applying: [2021/05/01] Usage of raw or classic option list on input line 254.
Already applied: [0000/00/00] Usage of raw or classic option list on input line 370.
)) (c:/Users/alice.beittel/AppData/Roaming/TinyTeX/texmf-dist/tex/latex/koma-script/tocbasic.sty
Package: tocbasic 2024/10/24 v3.43 KOMA-Script package (handling toc-files)
\scr@dte@tocline@numberwidth=\skip49
\scr@dte@tocline@numbox=\box52
)
Package tocbasic Info: omitting babel extension for `toc'
(tocbasic)             because of feature `nobabel' available
(tocbasic)             for `toc' on input line 137.
Class scrbook Info: You've used standard option `oneside'.
(scrbook)           This is correct!
(scrbook)           Internally I'm using `twoside=false'.
(scrbook)           If you'd like to set the option with \KOMAoptions,
(scrbook)           you'd have to use `twoside=false' there
(scrbook)           instead of `oneside', too.
Class scrbook Info: File `scrsize11pt.clo' used instead of
(scrbook)           file `scrsize11.clo' to setup font sizes on input line 2716.
(c:/Users/alice.beittel/AppData/Roaming/TinyTeX/texmf-dist/tex/latex/koma-script/scrsize11pt.clo
File: scrsize11pt.clo 2024/10/24 v3.43 KOMA-Script font size class option (11pt)
) (c:/Users/alice.beittel/AppData/Roaming/TinyTeX/texmf-dist/tex/latex/koma-script/typearea.sty
Package: typearea 2024/10/24 v3.43 KOMA-Script package (type area)
\ta@bcor=\skip50
\ta@div=\count192
Package typearea Info: You've used standard option `letterpaper'.
(typearea)             This is correct!
(typearea)             Internally I'm using `paper=letter'.
(typearea)             If you'd like to set the option with \KOMAoptions,
(typearea)             you'd have to use `paper=letter' there
(typearea)             instead of `letterpaper', too.
Package typearea Info: You've used standard option `oneside'.
(typearea)             This is correct!
(typearea)             Internally I'm using `twoside=false'.
(typearea)             If you'd like to set the option with \KOMAoptions,
(typearea)             you'd have to use `twoside=false' there
(typearea)             instead of `oneside', too.
\ta@hblk=\skip51
\ta@vblk=\skip52
\ta@temp=\skip53
\footheight=\skip54
Package typearea Info: With paper sizes other than (almost) `A4' predefined
(typearea)             DIV values do not exist. Using DIV calculation for good
(typearea)             line width (unless using `version=3.24` or prior).

Package typearea Info: DIV calculation for classic typearea. on input line 1802.

Package typearea Info: These are the values describing the layout:
(typearea)             DIV  = 7
(typearea)             BCOR = 0.0pt
(typearea)             \paperwidth      = 614.295pt
(typearea)              \textwidth      = 351.02573pt
(typearea)              DIV departure   = 3%
(typearea)              \evensidemargin = 59.36464pt
(typearea)              \oddsidemargin  = 59.36464pt
(typearea)             \paperheight     = 794.96999pt
(typearea)              \textheight     = 459.8002pt
(typearea)              \topmargin      = 3.89714pt
(typearea)              \headheight     = 17.0pt
(typearea)              \headsep        = 20.40001pt
(typearea)              \topskip        = 11.0pt
(typearea)              \footskip       = 47.6pt
(typearea)              \baselineskip   = 13.6pt
(typearea)              on input line 1802.
)
\c@part=\count193
\c@chapter=\count194
\c@section=\count195
\c@subsection=\count196
\c@subsubsection=\count197
\c@paragraph=\count198
\c@subparagraph=\count199
\scr@dte@chapter@maxnumwidth=\skip55
Class scrbook Info: using compatibility default `afterindent=bysign'
(scrbook)           for `\chapter on input line 6016.
\scr@dte@section@maxnumwidth=\skip56
Class scrbook Info: using compatibility default `runin=bysign'
(scrbook)           for `\section on input line 6027.
Class scrbook Info: using compatibility default `afterindent=bysign'
(scrbook)           for `\section on input line 6027.
\scr@dte@part@maxnumwidth=\skip57
Class scrbook Info: using compatibility default `afterindent=true'
(scrbook)           for `\part on input line 6036.
\scr@dte@subsection@maxnumwidth=\skip58
Class scrbook Info: using compatibility default `runin=bysign'
(scrbook)           for `\subsection on input line 6046.
Class scrbook Info: using compatibility default `afterindent=bysign'
(scrbook)           for `\subsection on input line 6046.
\scr@dte@subsubsection@maxnumwidth=\skip59
Class scrbook Info: using compatibility default `runin=bysign'
(scrbook)           for `\subsubsection on input line 6056.
Class scrbook Info: using compatibility default `afterindent=bysign'
(scrbook)           for `\subsubsection on input line 6056.
\scr@dte@paragraph@maxnumwidth=\skip60
Class scrbook Info: using compatibility default `runin=bysign'
(scrbook)           for `\paragraph on input line 6067.
Class scrbook Info: using compatibility default `afterindent=bysign'
(scrbook)           for `\paragraph on input line 6067.
\scr@dte@subparagraph@maxnumwidth=\skip61
Class scrbook Info: using compatibility default `runin=bysign'
(scrbook)           for `\subparagraph on input line 6077.
Class scrbook Info: using compatibility default `afterindent=bysign'
(scrbook)           for `\subparagraph on input line 6077.
\abovecaptionskip=\skip62
\belowcaptionskip=\skip63
\c@pti@nb@sid@b@x=\box53
Package tocbasic Info: omitting babel extension for `lof'
(tocbasic)             because of feature `nobabel' available
(tocbasic)             for `lof' on input line 7271.
\scr@dte@figure@maxnumwidth=\skip64
\c@figure=\count266
Package tocbasic Info: omitting babel extension for `lot'
(tocbasic)             because of feature `nobabel' available
(tocbasic)             for `lot' on input line 7288.
\scr@dte@table@maxnumwidth=\skip65
\c@table=\count267
Class scrbook Info: Redefining `\numberline' on input line 7459.
\bibindent=\dimen141
) (c:/Users/alice.beittel/AppData/Roaming/TinyTeX/texmf-dist/tex/latex/amsmath/amsmath.sty
Package: amsmath 2024/11/05 v2.17t AMS math features
\@mathmargin=\skip66
For additional information on amsmath, use the `?' option.
(c:/Users/alice.beittel/AppData/Roaming/TinyTeX/texmf-dist/tex/latex/amsmath/amstext.sty
Package: amstext 2021/08/26 v2.01 AMS text
(c:/Users/alice.beittel/AppData/Roaming/TinyTeX/texmf-dist/tex/latex/amsmath/amsgen.sty
File: amsgen.sty 1999/11/30 v2.0 generic functions
\@emptytoks=\toks18
\ex@=\dimen142
)) (c:/Users/alice.beittel/AppData/Roaming/TinyTeX/texmf-dist/tex/latex/amsmath/amsbsy.sty
Package: amsbsy 1999/11/29 v1.2d Bold Symbols
\pmbraise@=\dimen143
) (c:/Users/alice.beittel/AppData/Roaming/TinyTeX/texmf-dist/tex/latex/amsmath/amsopn.sty
Package: amsopn 2022/04/08 v2.04 operator names
)
\inf@bad=\count268
LaTeX Info: Redefining \frac on input line 233.
\uproot@=\count269
\leftroot@=\count270
LaTeX Info: Redefining \overline on input line 398.
LaTeX Info: Redefining \colon on input line 409.
\classnum@=\count271
\DOTSCASE@=\count272
LaTeX Info: Redefining \ldots on input line 495.
LaTeX Info: Redefining \dots on input line 498.
LaTeX Info: Redefining \cdots on input line 619.
\Mathstrutbox@=\box54
\strutbox@=\box55
LaTeX Info: Redefining \big on input line 721.
LaTeX Info: Redefining \Big on input line 722.
LaTeX Info: Redefining \bigg on input line 723.
LaTeX Info: Redefining \Bigg on input line 724.
\big@size=\dimen144
LaTeX Font Info:    Redeclaring font encoding OML on input line 742.
LaTeX Font Info:    Redeclaring font encoding OMS on input line 743.
\macc@depth=\count273
LaTeX Info: Redefining \bmod on input line 904.
LaTeX Info: Redefining \pmod on input line 909.
LaTeX Info: Redefining \smash on input line 939.
LaTeX Info: Redefining \relbar on input line 969.
LaTeX Info: Redefining \Relbar on input line 970.
\c@MaxMatrixCols=\count274
\dotsspace@=\muskip17
\c@parentequation=\count275
\dspbrk@lvl=\count276
\tag@help=\toks19
\row@=\count277
\column@=\count278
\maxfields@=\count279
\andhelp@=\toks20
\eqnshift@=\dimen145
\alignsep@=\dimen146
\tagshift@=\dimen147
\tagwidth@=\dimen148
\totwidth@=\dimen149
\lineht@=\dimen150
\@envbody=\toks21
\multlinegap=\skip67
\multlinetaggap=\skip68
\mathdisplay@stack=\toks22
LaTeX Info: Redefining \[ on input line 2953.
LaTeX Info: Redefining \] on input line 2954.
) (c:/Users/alice.beittel/AppData/Roaming/TinyTeX/texmf-dist/tex/latex/amsfonts/amssymb.sty
Package: amssymb 2013/01/14 v3.01 AMS font symbols
(c:/Users/alice.beittel/AppData/Roaming/TinyTeX/texmf-dist/tex/latex/amsfonts/amsfonts.sty
Package: amsfonts 2013/01/14 v3.01 Basic AMSFonts support
\symAMSa=\mathgroup4
\symAMSb=\mathgroup5
LaTeX Font Info:    Redeclaring math symbol \hbar on input line 98.
LaTeX Font Info:    Overwriting math alphabet `\mathfrak' in version `bold'
(Font)                  U/euf/m/n --> U/euf/b/n on input line 106.
)) (c:/Users/alice.beittel/AppData/Roaming/TinyTeX/texmf-dist/tex/generic/iftex/iftex.sty
Package: iftex 2024/12/12 v1.0g TeX engine tests
) (c:/Users/alice.beittel/AppData/Roaming/TinyTeX/texmf-dist/tex/latex/unicode-math/unicode-math.sty (c:/Users/alice.beittel/AppData/Roaming/TinyTeX/texmf-dist/tex/latex/l3kernel/expl3.sty
Package: expl3 2024-11-02 L3 programming layer (loader) 
(c:/Users/alice.beittel/AppData/Roaming/TinyTeX/texmf-dist/tex/latex/l3backend/l3backend-xetex.def
File: l3backend-xetex.def 2024-05-08 L3 backend support: XeTeX
\g__graphics_track_int=\count280
\l__pdf_internal_box=\box56
\g__pdf_backend_annotation_int=\count281
\g__pdf_backend_link_int=\count282
))
Package: unicode-math 2023/08/13 v0.8r Unicode maths in XeLaTeX and LuaLaTeX
(c:/Users/alice.beittel/AppData/Roaming/TinyTeX/texmf-dist/tex/latex/unicode-math/unicode-math-xetex.sty
Package: unicode-math-xetex 2023/08/13 v0.8r Unicode maths in XeLaTeX and LuaLaTeX
(c:/Users/alice.beittel/AppData/Roaming/TinyTeX/texmf-dist/tex/latex/l3packages/xparse/xparse.sty
Package: xparse 2024-08-16 L3 Experimental document command parser
) (c:/Users/alice.beittel/AppData/Roaming/TinyTeX/texmf-dist/tex/latex/l3packages/l3keys2e/l3keys2e.sty
Package: l3keys2e 2024-08-16 LaTeX2e option processing using LaTeX3 keys
) (c:/Users/alice.beittel/AppData/Roaming/TinyTeX/texmf-dist/tex/latex/fontspec/fontspec.sty
Package: fontspec 2024/05/11 v2.9e Font selection for XeLaTeX and LuaLaTeX
(c:/Users/alice.beittel/AppData/Roaming/TinyTeX/texmf-dist/tex/latex/fontspec/fontspec-xetex.sty
Package: fontspec-xetex 2024/05/11 v2.9e Font selection for XeLaTeX and LuaLaTeX
\l__fontspec_script_int=\count283
\l__fontspec_language_int=\count284
\l__fontspec_strnum_int=\count285
\l__fontspec_tmp_int=\count286
\l__fontspec_tmpa_int=\count287
\l__fontspec_tmpb_int=\count288
\l__fontspec_tmpc_int=\count289
\l__fontspec_em_int=\count290
\l__fontspec_emdef_int=\count291
\l__fontspec_strong_int=\count292
\l__fontspec_strongdef_int=\count293
\l__fontspec_tmpa_dim=\dimen151
\l__fontspec_tmpb_dim=\dimen152
\l__fontspec_tmpc_dim=\dimen153
(c:/Users/alice.beittel/AppData/Roaming/TinyTeX/texmf-dist/tex/latex/base/fontenc.sty
Package: fontenc 2021/04/29 v2.0v Standard LaTeX package
) (c:/Users/alice.beittel/AppData/Roaming/TinyTeX/texmf-dist/tex/latex/fontspec/fontspec.cfg))) (c:/Users/alice.beittel/AppData/Roaming/TinyTeX/texmf-dist/tex/latex/base/fix-cm.sty
Package: fix-cm 2020/11/24 v1.1t fixes to LaTeX
(c:/Users/alice.beittel/AppData/Roaming/TinyTeX/texmf-dist/tex/latex/base/ts1enc.def
File: ts1enc.def 2001/06/05 v3.0e (jk/car/fm) Standard LaTeX file
LaTeX Font Info:    Redeclaring font encoding TS1 on input line 47.
))
\g__um_fam_int=\count294
\g__um_fonts_used_int=\count295
\l__um_primecount_int=\count296
\g__um_primekern_muskip=\muskip18
(c:/Users/alice.beittel/AppData/Roaming/TinyTeX/texmf-dist/tex/latex/unicode-math/unicode-math-table.tex))) (c:/Users/alice.beittel/AppData/Roaming/TinyTeX/texmf-dist/tex/latex/lm/lmodern.sty
Package: lmodern 2015/05/01 v1.6.1 Latin Modern Fonts
LaTeX Font Info:    Overwriting symbol font `operators' in version `normal'
(Font)                  OT1/cmr/m/n --> OT1/lmr/m/n on input line 22.
LaTeX Font Info:    Overwriting symbol font `letters' in version `normal'
(Font)                  OML/cmm/m/it --> OML/lmm/m/it on input line 23.
LaTeX Font Info:    Overwriting symbol font `symbols' in version `normal'
(Font)                  OMS/cmsy/m/n --> OMS/lmsy/m/n on input line 24.
LaTeX Font Info:    Overwriting symbol font `largesymbols' in version `normal'
(Font)                  OMX/cmex/m/n --> OMX/lmex/m/n on input line 25.
LaTeX Font Info:    Overwriting symbol font `operators' in version `bold'
(Font)                  OT1/cmr/bx/n --> OT1/lmr/bx/n on input line 26.
LaTeX Font Info:    Overwriting symbol font `letters' in version `bold'
(Font)                  OML/cmm/b/it --> OML/lmm/b/it on input line 27.
LaTeX Font Info:    Overwriting symbol font `symbols' in version `bold'
(Font)                  OMS/cmsy/b/n --> OMS/lmsy/b/n on input line 28.
LaTeX Font Info:    Overwriting symbol font `largesymbols' in version `bold'
(Font)                  OMX/cmex/m/n --> OMX/lmex/m/n on input line 29.
LaTeX Font Info:    Overwriting math alphabet `\mathbf' in version `normal'
(Font)                  OT1/cmr/bx/n --> OT1/lmr/bx/n on input line 31.
LaTeX Font Info:    Overwriting math alphabet `\mathsf' in version `normal'
(Font)                  OT1/cmss/m/n --> OT1/lmss/m/n on input line 32.
LaTeX Font Info:    Overwriting math alphabet `\mathit' in version `normal'
(Font)                  OT1/cmr/m/it --> OT1/lmr/m/it on input line 33.
LaTeX Font Info:    Overwriting math alphabet `\mathtt' in version `normal'
(Font)                  OT1/cmtt/m/n --> OT1/lmtt/m/n on input line 34.
LaTeX Font Info:    Overwriting math alphabet `\mathbf' in version `bold'
(Font)                  OT1/cmr/bx/n --> OT1/lmr/bx/n on input line 35.
LaTeX Font Info:    Overwriting math alphabet `\mathsf' in version `bold'
(Font)                  OT1/cmss/bx/n --> OT1/lmss/bx/n on input line 36.
LaTeX Font Info:    Overwriting math alphabet `\mathit' in version `bold'
(Font)                  OT1/cmr/bx/it --> OT1/lmr/bx/it on input line 37.
LaTeX Font Info:    Overwriting math alphabet `\mathtt' in version `bold'
(Font)                  OT1/cmtt/m/n --> OT1/lmtt/m/n on input line 38.
) (c:/Users/alice.beittel/AppData/Roaming/TinyTeX/texmf-dist/tex/latex/upquote/upquote.sty
Package: upquote 2012/04/19 v1.3 upright-quote and grave-accent glyphs in verbatim
(c:/Users/alice.beittel/AppData/Roaming/TinyTeX/texmf-dist/tex/latex/base/textcomp.sty
Package: textcomp 2024/04/24 v2.1b Standard LaTeX package
)) (c:/Users/alice.beittel/AppData/Roaming/TinyTeX/texmf-dist/tex/latex/microtype/microtype.sty
Package: microtype 2024/12/12 v3.2 Micro-typographical refinements (RS)
(c:/Users/alice.beittel/AppData/Roaming/TinyTeX/texmf-dist/tex/latex/etoolbox/etoolbox.sty
Package: etoolbox 2020/10/05 v2.5k e-TeX tools for LaTeX (JAW)
\etb@tempcnta=\count297
)
\MT@toks=\toks23
\MT@tempbox=\box57
\MT@count=\count298
LaTeX Info: Redefining \noprotrusionifhmode on input line 1075.
LaTeX Info: Redefining \leftprotrusion on input line 1076.
\MT@prot@toks=\toks24
LaTeX Info: Redefining \rightprotrusion on input line 1095.
LaTeX Info: Redefining \textls on input line 1437.
\MT@outer@kern=\dimen154
LaTeX Info: Redefining \microtypecontext on input line 2041.
LaTeX Info: Redefining \textmicrotypecontext on input line 2058.
\MT@listname@count=\count299
(c:/Users/alice.beittel/AppData/Roaming/TinyTeX/texmf-dist/tex/latex/microtype/microtype-xetex.def
File: microtype-xetex.def 2024/12/12 v3.2 Definitions specific to xetex (RS)
LaTeX Info: Redefining \lsstyle on input line 443.
LaTeX Info: Redefining \lslig on input line 451.
\MT@outer@space=\skip69
)
Package microtype Info: Loading configuration file microtype.cfg.
(c:/Users/alice.beittel/AppData/Roaming/TinyTeX/texmf-dist/tex/latex/microtype/microtype.cfg
File: microtype.cfg 2024/12/12 v3.2 microtype main configuration file (RS)
)
LaTeX Info: Redefining \microtypesetup on input line 3053.
) (c:/Users/alice.beittel/AppData/Roaming/TinyTeX/texmf-dist/tex/latex/xcolor/xcolor.sty
Package: xcolor 2024/09/29 v3.02 LaTeX color extensions (UK)
(c:/Users/alice.beittel/AppData/Roaming/TinyTeX/texmf-dist/tex/latex/graphics-cfg/color.cfg
File: color.cfg 2016/01/02 v1.6 sample color configuration
)
Package xcolor Info: Driver file: xetex.def on input line 274.
(c:/Users/alice.beittel/AppData/Roaming/TinyTeX/texmf-dist/tex/latex/graphics-def/xetex.def
File: xetex.def 2022/09/22 v5.0n Graphics/color driver for xetex
) (c:/Users/alice.beittel/AppData/Roaming/TinyTeX/texmf-dist/tex/latex/graphics/mathcolor.ltx)
Package xcolor Info: Model `cmy' substituted by `cmy0' on input line 1349.
Package xcolor Info: Model `RGB' extended on input line 1365.
Package xcolor Info: Model `HTML' substituted by `rgb' on input line 1367.
Package xcolor Info: Model `Hsb' substituted by `hsb' on input line 1368.
Package xcolor Info: Model `tHsb' substituted by `hsb' on input line 1369.
Package xcolor Info: Model `HSB' substituted by `hsb' on input line 1370.
Package xcolor Info: Model `Gray' substituted by `gray' on input line 1371.
Package xcolor Info: Model `wave' substituted by `hsb' on input line 1372.
) (c:/Users/alice.beittel/AppData/Roaming/TinyTeX/texmf-dist/tex/latex/tools/longtable.sty
Package: longtable 2024-10-27 v4.22 Multi-page Table package (DPC)
\LTleft=\skip70
\LTright=\skip71
\LTpre=\skip72
\LTpost=\skip73
\LTchunksize=\count300
\LTcapwidth=\dimen155
\LT@head=\box58
\LT@firsthead=\box59
\LT@foot=\box60
\LT@lastfoot=\box61
\LT@gbox=\box62
\LT@cols=\count301
\LT@rows=\count302
\c@LT@tables=\count303
\c@LT@chunks=\count304
\LT@p@ftn=\toks25
)
Class scrbook Info: longtable captions redefined on input line 56.
(c:/Users/alice.beittel/AppData/Roaming/TinyTeX/texmf-dist/tex/latex/booktabs/booktabs.sty
Package: booktabs 2020/01/12 v1.61803398 Publication quality tables
\heavyrulewidth=\dimen156
\lightrulewidth=\dimen157
\cmidrulewidth=\dimen158
\belowrulesep=\dimen159
\belowbottomsep=\dimen160
\aboverulesep=\dimen161
\abovetopsep=\dimen162
\cmidrulesep=\dimen163
\cmidrulekern=\dimen164
\defaultaddspace=\dimen165
\@cmidla=\count305
\@cmidlb=\count306
\@aboverulesep=\dimen166
\@belowrulesep=\dimen167
\@thisruleclass=\count307
\@lastruleclass=\count308
\@thisrulewidth=\dimen168
) (c:/Users/alice.beittel/AppData/Roaming/TinyTeX/texmf-dist/tex/latex/tools/array.sty
Package: array 2024/10/17 v2.6g Tabular extension package (FMi)
\col@sep=\dimen169
\ar@mcellbox=\box63
\extrarowheight=\dimen170
\NC@list=\toks26
\extratabsurround=\skip74
\backup@length=\skip75
\ar@cellbox=\box64
) (c:/Users/alice.beittel/AppData/Roaming/TinyTeX/texmf-dist/tex/latex/tools/calc.sty
Package: calc 2023/07/08 v4.3 Infix arithmetic (KKT,FJ)
\calc@Acount=\count309
\calc@Bcount=\count310
\calc@Adimen=\dimen171
\calc@Bdimen=\dimen172
\calc@Askip=\skip76
\calc@Bskip=\skip77
LaTeX Info: Redefining \setlength on input line 80.
LaTeX Info: Redefining \addtolength on input line 81.
\calc@Ccount=\count311
\calc@Cskip=\skip78
) (c:/Users/alice.beittel/AppData/Roaming/TinyTeX/texmf-dist/tex/latex/mdwtools/footnote.sty
Package: footnote 1997/01/28 1.13 Save footnotes around boxes
\fn@notes=\box65
\fn@width=\dimen173
) (c:/Users/alice.beittel/AppData/Roaming/TinyTeX/texmf-dist/tex/latex/graphics/graphicx.sty
Package: graphicx 2021/09/16 v1.2d Enhanced LaTeX Graphics (DPC,SPQR)
(c:/Users/alice.beittel/AppData/Roaming/TinyTeX/texmf-dist/tex/latex/graphics/graphics.sty
Package: graphics 2024/08/06 v1.4g Standard LaTeX Graphics (DPC,SPQR)
(c:/Users/alice.beittel/AppData/Roaming/TinyTeX/texmf-dist/tex/latex/graphics/trig.sty
Package: trig 2023/12/02 v1.11 sin cos tan (DPC)
) (c:/Users/alice.beittel/AppData/Roaming/TinyTeX/texmf-dist/tex/latex/graphics-cfg/graphics.cfg
File: graphics.cfg 2016/06/04 v1.11 sample graphics configuration
)
Package graphics Info: Driver file: xetex.def on input line 106.
)
\Gin@req@height=\dimen174
\Gin@req@width=\dimen175
)
\cslhangindent=\skip79
\csllabelwidth=\skip80
(c:/Users/alice.beittel/AppData/Roaming/TinyTeX/texmf-dist/tex/latex/opensans/opensans.sty
Package: opensans 2019/06/20 Style file for Open Sans.
(c:/Users/alice.beittel/AppData/Roaming/TinyTeX/texmf-dist/tex/latex/fontaxes/fontaxes.sty
Package: fontaxes 2020/07/21 v1.0e Font selection axes
LaTeX Info: Redefining \upshape on input line 29.
LaTeX Info: Redefining \itshape on input line 31.
LaTeX Info: Redefining \slshape on input line 33.
LaTeX Info: Redefining \swshape on input line 35.
LaTeX Info: Redefining \scshape on input line 37.
LaTeX Info: Redefining \sscshape on input line 39.
LaTeX Info: Redefining \ulcshape on input line 41.
LaTeX Info: Redefining \textsw on input line 47.
LaTeX Info: Redefining \textssc on input line 48.
LaTeX Info: Redefining \textulc on input line 49.
) (c:/Users/alice.beittel/AppData/Roaming/TinyTeX/texmf-dist/tex/generic/iftex/ifluatex.sty
Package: ifluatex 2019/10/25 v1.5 ifluatex legacy package. Use iftex instead.
) (c:/Users/alice.beittel/AppData/Roaming/TinyTeX/texmf-dist/tex/generic/iftex/ifxetex.sty
Package: ifxetex 2019/10/25 v0.7 ifxetex legacy package. Use iftex instead.
) (c:/Users/alice.beittel/AppData/Roaming/TinyTeX/texmf-dist/tex/latex/xkeyval/xkeyval.sty
Package: xkeyval 2022/06/16 v2.9 package option processing (HA)
(c:/Users/alice.beittel/AppData/Roaming/TinyTeX/texmf-dist/tex/generic/xkeyval/xkeyval.tex (c:/Users/alice.beittel/AppData/Roaming/TinyTeX/texmf-dist/tex/generic/xkeyval/xkvutils.tex
\XKV@toks=\toks27
\XKV@tempa@toks=\toks28
)
\XKV@depth=\count312
File: xkeyval.tex 2014/12/03 v2.7a key=value parser (HA)
))
Requested font "[OpenSans-Regular.ttf]/OT" at 10.94997pt
 -> c:/Users/alice.beittel/AppData/Roaming/TinyTeX/texmf-dist/fonts/truetype/ascender/opensans/OpenSans-Regular.ttf
Requested font "[OpenSans-Regular.ttf]/OT" at 10.95003pt
 -> c:/Users/alice.beittel/AppData/Roaming/TinyTeX/texmf-dist/fonts/truetype/ascender/opensans/OpenSans-Regular.ttf

Package fontspec Info: 
(fontspec)             OpenSans-Regular scale = 0.8053713294743502.


Package fontspec Info: 
(fontspec)             OpenSans-Regular scale = 1.

Requested font "[OpenSans-Light.ttf]/OT:script=latn;language=dflt;" at 10.95003pt
 -> c:/Users/alice.beittel/AppData/Roaming/TinyTeX/texmf-dist/fonts/truetype/ascender/opensans/OpenSans-Light.ttf

Package fontspec Info: 
(fontspec)             OpenSans-Light scale = 0.8120382476646556.


Package fontspec Info: 
(fontspec)             OpenSans-Light scale = 1.

Requested font "[OpenSans-LightItalic.ttf]/OT:script=latn;language=dflt;" at 10.95003pt
 -> c:/Users/alice.beittel/AppData/Roaming/TinyTeX/texmf-dist/fonts/truetype/ascender/opensans/OpenSans-LightItalic.ttf

Package fontspec Info: 
(fontspec)             OpenSans-LightItalic scale = 0.8120382476646556.


Package fontspec Info: 
(fontspec)             OpenSans-LightItalic scale = 1.

Requested font "[OpenSansCondensed-Light.ttf]/OT:script=latn;language=dflt;" at 10.95003pt
 -> c:/Users/alice.beittel/AppData/Roaming/TinyTeX/texmf-dist/fonts/truetype/ascender/opensans/OpenSansCondensed-Light.ttf

Package fontspec Info: 
(fontspec)             OpenSansCondensed-Light scale = 0.8135355156042454.


Package fontspec Info: 
(fontspec)             OpenSansCondensed-Light scale = 1.

Requested font "[OpenSansCondensed-LightItalic.ttf]/OT:script=latn;language=dflt;" at 10.95003pt
 -> c:/Users/alice.beittel/AppData/Roaming/TinyTeX/texmf-dist/fonts/truetype/ascender/opensans/OpenSansCondensed-LightItalic.ttf

Package fontspec Info: 
(fontspec)             OpenSansCondensed-LightItalic scale =
(fontspec)             0.8135355156042454.


Package fontspec Info: 
(fontspec)             OpenSansCondensed-LightItalic scale = 1.

Requested font "[OpenSans-SemiBold.ttf]/OT:script=latn;language=dflt;" at 10.95003pt
 -> c:/Users/alice.beittel/AppData/Roaming/TinyTeX/texmf-dist/fonts/truetype/ascender/opensans/OpenSans-SemiBold.ttf

Package fontspec Info: 
(fontspec)             OpenSans-SemiBold scale = 0.7980895023261934.


Package fontspec Info: 
(fontspec)             OpenSans-SemiBold scale = 1.

Requested font "[OpenSans-SemiBoldItalic.ttf]/OT:script=latn;language=dflt;" at 10.95003pt
 -> c:/Users/alice.beittel/AppData/Roaming/TinyTeX/texmf-dist/fonts/truetype/ascender/opensans/OpenSans-SemiBoldItalic.ttf

Package fontspec Info: 
(fontspec)             OpenSans-SemiBoldItalic scale = 0.7980895023261934.


Package fontspec Info: 
(fontspec)             OpenSans-SemiBoldItalic scale = 1.

Requested font "[OpenSans-Bold.ttf]/OT:script=latn;language=dflt;" at 10.95003pt
 -> c:/Users/alice.beittel/AppData/Roaming/TinyTeX/texmf-dist/fonts/truetype/ascender/opensans/OpenSans-Bold.ttf

Package fontspec Info: 
(fontspec)             OpenSans-Bold scale = 0.7895228565302184.


Package fontspec Info: 
(fontspec)             OpenSans-Bold scale = 1.

Requested font "[OpenSans-BoldItalic.ttf]/OT:script=latn;language=dflt;" at 10.95003pt
 -> c:/Users/alice.beittel/AppData/Roaming/TinyTeX/texmf-dist/fonts/truetype/ascender/opensans/OpenSans-BoldItalic.ttf

Package fontspec Info: 
(fontspec)             OpenSans-BoldItalic scale = 0.7895228565302184.


Package fontspec Info: 
(fontspec)             OpenSans-BoldItalic scale = 1.

Requested font "[OpenSansCondensed-Bold.ttf]/OT:script=latn;language=dflt;" at 10.95003pt
 -> c:/Users/alice.beittel/AppData/Roaming/TinyTeX/texmf-dist/fonts/truetype/ascender/opensans/OpenSansCondensed-Bold.ttf

Package fontspec Info: 
(fontspec)             OpenSansCondensed-Bold scale = 0.7923565443054512.


Package fontspec Info: 
(fontspec)             OpenSansCondensed-Bold scale = 1.

Requested font "[OpenSans-ExtraBold.ttf]/OT:script=latn;language=dflt;" at 10.95003pt
 -> c:/Users/alice.beittel/AppData/Roaming/TinyTeX/texmf-dist/fonts/truetype/ascender/opensans/OpenSans-ExtraBold.ttf

Package fontspec Info: 
(fontspec)             OpenSans-ExtraBold scale = 0.7790702360681504.


Package fontspec Info: 
(fontspec)             OpenSans-ExtraBold scale = 1.

Requested font "[OpenSans-ExtraBoldItalic.ttf]/OT:script=latn;language=dflt;" at 10.95003pt
 -> c:/Users/alice.beittel/AppData/Roaming/TinyTeX/texmf-dist/fonts/truetype/ascender/opensans/OpenSans-ExtraBoldItalic.ttf

Package fontspec Info: 
(fontspec)             OpenSans-ExtraBoldItalic scale = 0.7790702360681504.


Package fontspec Info: 
(fontspec)             OpenSans-ExtraBoldItalic scale = 1.

Requested font "[OpenSans-Regular.ttf]/OT:script=latn;language=dflt;" at 10.95003pt
 -> c:/Users/alice.beittel/AppData/Roaming/TinyTeX/texmf-dist/fonts/truetype/ascender/opensans/OpenSans-Regular.ttf

Package fontspec Info: 
(fontspec)             OpenSans-Regular scale = 0.8053713294743502.


Package fontspec Info: 
(fontspec)             OpenSans-Regular scale = 1.

Requested font "[OpenSans-Italic.ttf]/OT:script=latn;language=dflt;" at 10.95003pt
 -> c:/Users/alice.beittel/AppData/Roaming/TinyTeX/texmf-dist/fonts/truetype/ascender/opensans/OpenSans-Italic.ttf

Package fontspec Info: 
(fontspec)             OpenSans-Italic scale = 0.8053713294743502.


Package fontspec Info: 
(fontspec)             OpenSans-Italic scale = 1.


Package fontspec Info: 
(fontspec)             Font family 'opensans-TLF' created for font 'OpenSans'
(fontspec)             with options
(fontspec)             [Scale=MatchLowercase,Extension=.ttf,Ligatures={TeX,Common},Scale=1,FontFace={l}{n}{*-Light},FontFace={l}{it}{*-LightItalic},FontFace={lc}{n}{*Condensed-Light},FontFace={lc}{it}{*Condensed-LightItalic},UprightFont={*-Regular},ItalicFont={*-Italic},FontFace={sb}{n}{*-SemiBold},FontFace={sb}{it}{*-SemiBoldItalic},FontFace={b}{n}{*-Bold},FontFace={b}{it}{*-BoldItalic},BoldFont={*-Bold},BoldItalicFont={*-BoldItalic},FontFace={bc}{n}{*Condensed-Bold},FontFace={eb}{n}{*-ExtraBold},FontFace={eb}{it}{*-ExtraBoldItalic},Numbers={Monospaced,Lining},NFSSFamily=opensans-TLF].
(fontspec)              
(fontspec)              This font family consists of the following NFSS
(fontspec)             series/shapes:
(fontspec)              
(fontspec)             - (l/n) with NFSS spec.:
(fontspec)             <->s*[1]"[OpenSans-Light.ttf]/OT:script=latn;language=dflt;+liga;+tnum;+lnum;mapping=tex-text;"
(fontspec)             - (l/it) with NFSS spec.:
(fontspec)             <->s*[1]"[OpenSans-LightItalic.ttf]/OT:script=latn;language=dflt;+liga;+tnum;+lnum;mapping=tex-text;"
(fontspec)             - (lc/n) with NFSS spec.:
(fontspec)             <->s*[1]"[OpenSansCondensed-Light.ttf]/OT:script=latn;language=dflt;+liga;+tnum;+lnum;mapping=tex-text;"
(fontspec)             - (lc/it) with NFSS spec.:
(fontspec)             <->s*[1]"[OpenSansCondensed-LightItalic.ttf]/OT:script=latn;language=dflt;+liga;+tnum;+lnum;mapping=tex-text;"
(fontspec)             - (sb/n) with NFSS spec.:
(fontspec)             <->s*[1]"[OpenSans-SemiBold.ttf]/OT:script=latn;language=dflt;+liga;+tnum;+lnum;mapping=tex-text;"
(fontspec)             - (sb/it) with NFSS spec.:
(fontspec)             <->s*[1]"[OpenSans-SemiBoldItalic.ttf]/OT:script=latn;language=dflt;+liga;+tnum;+lnum;mapping=tex-text;"
(fontspec)             - 'bold' (b/n) with NFSS spec.:
(fontspec)             <->s*[1]"[OpenSans-Bold.ttf]/OT:script=latn;language=dflt;+liga;+tnum;+lnum;mapping=tex-text;"
(fontspec)             - 'bold italic' (b/it) with NFSS spec.:
(fontspec)             <->s*[1]"[OpenSans-BoldItalic.ttf]/OT:script=latn;language=dflt;+liga;+tnum;+lnum;mapping=tex-text;"
(fontspec)             - (bc/n) with NFSS spec.:
(fontspec)             <->s*[1]"[OpenSansCondensed-Bold.ttf]/OT:script=latn;language=dflt;+liga;+tnum;+lnum;mapping=tex-text;"
(fontspec)             - (eb/n) with NFSS spec.:
(fontspec)             <->s*[1]"[OpenSans-ExtraBold.ttf]/OT:script=latn;language=dflt;+liga;+tnum;+lnum;mapping=tex-text;"
(fontspec)             - (eb/it) with NFSS spec.:
(fontspec)             <->s*[1]"[OpenSans-ExtraBoldItalic.ttf]/OT:script=latn;language=dflt;+liga;+tnum;+lnum;mapping=tex-text;"
(fontspec)             - 'normal' (m/n) with NFSS spec.:
(fontspec)             <->s*[1]"[OpenSans-Regular.ttf]/OT:script=latn;language=dflt;+liga;+tnum;+lnum;mapping=tex-text;"
(fontspec)             - 'italic' (m/it) with NFSS spec.:
(fontspec)             <->s*[1]"[OpenSans-Italic.ttf]/OT:script=latn;language=dflt;+liga;+tnum;+lnum;mapping=tex-text;"


Package fontspec Info: 
(fontspec)             OpenSans-Regular scale = 0.8053713294743502.


Package fontspec Info: 
(fontspec)             OpenSans-Regular scale = 1.


Package fontspec Info: 
(fontspec)             OpenSans-Light scale = 0.8120382476646556.


Package fontspec Info: 
(fontspec)             OpenSans-Light scale = 1.


Package fontspec Info: 
(fontspec)             OpenSans-LightItalic scale = 0.8120382476646556.


Package fontspec Info: 
(fontspec)             OpenSans-LightItalic scale = 1.


Package fontspec Info: 
(fontspec)             OpenSansCondensed-Light scale = 0.8135355156042454.


Package fontspec Info: 
(fontspec)             OpenSansCondensed-Light scale = 1.


Package fontspec Info: 
(fontspec)             OpenSansCondensed-LightItalic scale =
(fontspec)             0.8135355156042454.


Package fontspec Info: 
(fontspec)             OpenSansCondensed-LightItalic scale = 1.


Package fontspec Info: 
(fontspec)             OpenSans-SemiBold scale = 0.7980895023261934.


Package fontspec Info: 
(fontspec)             OpenSans-SemiBold scale = 1.


Package fontspec Info: 
(fontspec)             OpenSans-SemiBoldItalic scale = 0.7980895023261934.


Package fontspec Info: 
(fontspec)             OpenSans-SemiBoldItalic scale = 1.


Package fontspec Info: 
(fontspec)             OpenSans-Bold scale = 0.7895228565302184.


Package fontspec Info: 
(fontspec)             OpenSans-Bold scale = 1.


Package fontspec Info: 
(fontspec)             OpenSans-BoldItalic scale = 0.7895228565302184.


Package fontspec Info: 
(fontspec)             OpenSans-BoldItalic scale = 1.


Package fontspec Info: 
(fontspec)             OpenSansCondensed-Bold scale = 0.7923565443054512.


Package fontspec Info: 
(fontspec)             OpenSansCondensed-Bold scale = 1.


Package fontspec Info: 
(fontspec)             OpenSans-ExtraBold scale = 0.7790702360681504.


Package fontspec Info: 
(fontspec)             OpenSans-ExtraBold scale = 1.


Package fontspec Info: 
(fontspec)             OpenSans-ExtraBoldItalic scale = 0.7790702360681504.


Package fontspec Info: 
(fontspec)             OpenSans-ExtraBoldItalic scale = 1.


Package fontspec Info: 
(fontspec)             OpenSans-Regular scale = 0.8053713294743502.


Package fontspec Info: 
(fontspec)             OpenSans-Regular scale = 1.


Package fontspec Info: 
(fontspec)             OpenSans-Italic scale = 0.8053713294743502.


Package fontspec Info: 
(fontspec)             OpenSans-Italic scale = 1.


Package fontspec Info: 
(fontspec)             Font family 'opensans-LF' created for font 'OpenSans'
(fontspec)             with options
(fontspec)             [Scale=MatchLowercase,Extension=.ttf,Ligatures={TeX,Common},Scale=1,FontFace={l}{n}{*-Light},FontFace={l}{it}{*-LightItalic},FontFace={lc}{n}{*Condensed-Light},FontFace={lc}{it}{*Condensed-LightItalic},UprightFont={*-Regular},ItalicFont={*-Italic},FontFace={sb}{n}{*-SemiBold},FontFace={sb}{it}{*-SemiBoldItalic},FontFace={b}{n}{*-Bold},FontFace={b}{it}{*-BoldItalic},BoldFont={*-Bold},BoldItalicFont={*-BoldItalic},FontFace={bc}{n}{*Condensed-Bold},FontFace={eb}{n}{*-ExtraBold},FontFace={eb}{it}{*-ExtraBoldItalic},Numbers={Proportional,Lining},NFSSFamily=opensans-LF].
(fontspec)              
(fontspec)              This font family consists of the following NFSS
(fontspec)             series/shapes:
(fontspec)              
(fontspec)             - (l/n) with NFSS spec.:
(fontspec)             <->s*[1]"[OpenSans-Light.ttf]/OT:script=latn;language=dflt;+liga;+pnum;+lnum;mapping=tex-text;"
(fontspec)             - (l/it) with NFSS spec.:
(fontspec)             <->s*[1]"[OpenSans-LightItalic.ttf]/OT:script=latn;language=dflt;+liga;+pnum;+lnum;mapping=tex-text;"
(fontspec)             - (lc/n) with NFSS spec.:
(fontspec)             <->s*[1]"[OpenSansCondensed-Light.ttf]/OT:script=latn;language=dflt;+liga;+pnum;+lnum;mapping=tex-text;"
(fontspec)             - (lc/it) with NFSS spec.:
(fontspec)             <->s*[1]"[OpenSansCondensed-LightItalic.ttf]/OT:script=latn;language=dflt;+liga;+pnum;+lnum;mapping=tex-text;"
(fontspec)             - (sb/n) with NFSS spec.:
(fontspec)             <->s*[1]"[OpenSans-SemiBold.ttf]/OT:script=latn;language=dflt;+liga;+pnum;+lnum;mapping=tex-text;"
(fontspec)             - (sb/it) with NFSS spec.:
(fontspec)             <->s*[1]"[OpenSans-SemiBoldItalic.ttf]/OT:script=latn;language=dflt;+liga;+pnum;+lnum;mapping=tex-text;"
(fontspec)             - 'bold' (b/n) with NFSS spec.:
(fontspec)             <->s*[1]"[OpenSans-Bold.ttf]/OT:script=latn;language=dflt;+liga;+pnum;+lnum;mapping=tex-text;"
(fontspec)             - 'bold italic' (b/it) with NFSS spec.:
(fontspec)             <->s*[1]"[OpenSans-BoldItalic.ttf]/OT:script=latn;language=dflt;+liga;+pnum;+lnum;mapping=tex-text;"
(fontspec)             - (bc/n) with NFSS spec.:
(fontspec)             <->s*[1]"[OpenSansCondensed-Bold.ttf]/OT:script=latn;language=dflt;+liga;+pnum;+lnum;mapping=tex-text;"
(fontspec)             - (eb/n) with NFSS spec.:
(fontspec)             <->s*[1]"[OpenSans-ExtraBold.ttf]/OT:script=latn;language=dflt;+liga;+pnum;+lnum;mapping=tex-text;"
(fontspec)             - (eb/it) with NFSS spec.:
(fontspec)             <->s*[1]"[OpenSans-ExtraBoldItalic.ttf]/OT:script=latn;language=dflt;+liga;+pnum;+lnum;mapping=tex-text;"
(fontspec)             - 'normal' (m/n) with NFSS spec.:
(fontspec)             <->s*[1]"[OpenSans-Regular.ttf]/OT:script=latn;language=dflt;+liga;+pnum;+lnum;mapping=tex-text;"
(fontspec)             - 'italic' (m/it) with NFSS spec.:
(fontspec)             <->s*[1]"[OpenSans-Italic.ttf]/OT:script=latn;language=dflt;+liga;+pnum;+lnum;mapping=tex-text;"


Package fontspec Info: 
(fontspec)             OpenSans-Regular scale = 0.8053713294743502.


Package fontspec Info: 
(fontspec)             OpenSans-Regular scale = 1.


Package fontspec Info: 
(fontspec)             OpenSans-Light scale = 0.8120382476646556.


Package fontspec Info: 
(fontspec)             OpenSans-Light scale = 1.


Package fontspec Info: 
(fontspec)             OpenSans-LightItalic scale = 0.8120382476646556.


Package fontspec Info: 
(fontspec)             OpenSans-LightItalic scale = 1.


Package fontspec Info: 
(fontspec)             OpenSansCondensed-Light scale = 0.8135355156042454.


Package fontspec Info: 
(fontspec)             OpenSansCondensed-Light scale = 1.


Package fontspec Info: 
(fontspec)             OpenSansCondensed-LightItalic scale =
(fontspec)             0.8135355156042454.


Package fontspec Info: 
(fontspec)             OpenSansCondensed-LightItalic scale = 1.


Package fontspec Info: 
(fontspec)             OpenSans-SemiBold scale = 0.7980895023261934.


Package fontspec Info: 
(fontspec)             OpenSans-SemiBold scale = 1.


Package fontspec Info: 
(fontspec)             OpenSans-SemiBoldItalic scale = 0.7980895023261934.


Package fontspec Info: 
(fontspec)             OpenSans-SemiBoldItalic scale = 1.


Package fontspec Info: 
(fontspec)             OpenSans-Bold scale = 0.7895228565302184.


Package fontspec Info: 
(fontspec)             OpenSans-Bold scale = 1.


Package fontspec Info: 
(fontspec)             OpenSans-BoldItalic scale = 0.7895228565302184.


Package fontspec Info: 
(fontspec)             OpenSans-BoldItalic scale = 1.


Package fontspec Info: 
(fontspec)             OpenSansCondensed-Bold scale = 0.7923565443054512.


Package fontspec Info: 
(fontspec)             OpenSansCondensed-Bold scale = 1.


Package fontspec Info: 
(fontspec)             OpenSans-ExtraBold scale = 0.7790702360681504.


Package fontspec Info: 
(fontspec)             OpenSans-ExtraBold scale = 1.


Package fontspec Info: 
(fontspec)             OpenSans-ExtraBoldItalic scale = 0.7790702360681504.


Package fontspec Info: 
(fontspec)             OpenSans-ExtraBoldItalic scale = 1.


Package fontspec Info: 
(fontspec)             OpenSans-Regular scale = 0.8053713294743502.


Package fontspec Info: 
(fontspec)             OpenSans-Regular scale = 1.


Package fontspec Info: 
(fontspec)             OpenSans-Italic scale = 0.8053713294743502.


Package fontspec Info: 
(fontspec)             OpenSans-Italic scale = 1.


Package fontspec Info: 
(fontspec)             Font family 'opensans-TOsF' created for font 'OpenSans'
(fontspec)             with options
(fontspec)             [Scale=MatchLowercase,Extension=.ttf,Ligatures={TeX,Common},Scale=1,FontFace={l}{n}{*-Light},FontFace={l}{it}{*-LightItalic},FontFace={lc}{n}{*Condensed-Light},FontFace={lc}{it}{*Condensed-LightItalic},UprightFont={*-Regular},ItalicFont={*-Italic},FontFace={sb}{n}{*-SemiBold},FontFace={sb}{it}{*-SemiBoldItalic},FontFace={b}{n}{*-Bold},FontFace={b}{it}{*-BoldItalic},BoldFont={*-Bold},BoldItalicFont={*-BoldItalic},FontFace={bc}{n}{*Condensed-Bold},FontFace={eb}{n}{*-ExtraBold},FontFace={eb}{it}{*-ExtraBoldItalic},Numbers={Monospaced,OldStyle},NFSSFamily=opensans-TOsF].
(fontspec)              
(fontspec)              This font family consists of the following NFSS
(fontspec)             series/shapes:
(fontspec)              
(fontspec)             - (l/n) with NFSS spec.:
(fontspec)             <->s*[1]"[OpenSans-Light.ttf]/OT:script=latn;language=dflt;+liga;+tnum;+onum;mapping=tex-text;"
(fontspec)             - (l/it) with NFSS spec.:
(fontspec)             <->s*[1]"[OpenSans-LightItalic.ttf]/OT:script=latn;language=dflt;+liga;+tnum;+onum;mapping=tex-text;"
(fontspec)             - (lc/n) with NFSS spec.:
(fontspec)             <->s*[1]"[OpenSansCondensed-Light.ttf]/OT:script=latn;language=dflt;+liga;+tnum;+onum;mapping=tex-text;"
(fontspec)             - (lc/it) with NFSS spec.:
(fontspec)             <->s*[1]"[OpenSansCondensed-LightItalic.ttf]/OT:script=latn;language=dflt;+liga;+tnum;+onum;mapping=tex-text;"
(fontspec)             - (sb/n) with NFSS spec.:
(fontspec)             <->s*[1]"[OpenSans-SemiBold.ttf]/OT:script=latn;language=dflt;+liga;+tnum;+onum;mapping=tex-text;"
(fontspec)             - (sb/it) with NFSS spec.:
(fontspec)             <->s*[1]"[OpenSans-SemiBoldItalic.ttf]/OT:script=latn;language=dflt;+liga;+tnum;+onum;mapping=tex-text;"
(fontspec)             - 'bold' (b/n) with NFSS spec.:
(fontspec)             <->s*[1]"[OpenSans-Bold.ttf]/OT:script=latn;language=dflt;+liga;+tnum;+onum;mapping=tex-text;"
(fontspec)             - 'bold italic' (b/it) with NFSS spec.:
(fontspec)             <->s*[1]"[OpenSans-BoldItalic.ttf]/OT:script=latn;language=dflt;+liga;+tnum;+onum;mapping=tex-text;"
(fontspec)             - (bc/n) with NFSS spec.:
(fontspec)             <->s*[1]"[OpenSansCondensed-Bold.ttf]/OT:script=latn;language=dflt;+liga;+tnum;+onum;mapping=tex-text;"
(fontspec)             - (eb/n) with NFSS spec.:
(fontspec)             <->s*[1]"[OpenSans-ExtraBold.ttf]/OT:script=latn;language=dflt;+liga;+tnum;+onum;mapping=tex-text;"
(fontspec)             - (eb/it) with NFSS spec.:
(fontspec)             <->s*[1]"[OpenSans-ExtraBoldItalic.ttf]/OT:script=latn;language=dflt;+liga;+tnum;+onum;mapping=tex-text;"
(fontspec)             - 'normal' (m/n) with NFSS spec.:
(fontspec)             <->s*[1]"[OpenSans-Regular.ttf]/OT:script=latn;language=dflt;+liga;+tnum;+onum;mapping=tex-text;"
(fontspec)             - 'italic' (m/it) with NFSS spec.:
(fontspec)             <->s*[1]"[OpenSans-Italic.ttf]/OT:script=latn;language=dflt;+liga;+tnum;+onum;mapping=tex-text;"


Package fontspec Info: 
(fontspec)             OpenSans-Regular scale = 0.8053713294743502.


Package fontspec Info: 
(fontspec)             OpenSans-Regular scale = 1.


Package fontspec Info: 
(fontspec)             OpenSans-Light scale = 0.8120382476646556.


Package fontspec Info: 
(fontspec)             OpenSans-Light scale = 1.


Package fontspec Info: 
(fontspec)             OpenSans-LightItalic scale = 0.8120382476646556.


Package fontspec Info: 
(fontspec)             OpenSans-LightItalic scale = 1.


Package fontspec Info: 
(fontspec)             OpenSansCondensed-Light scale = 0.8135355156042454.


Package fontspec Info: 
(fontspec)             OpenSansCondensed-Light scale = 1.


Package fontspec Info: 
(fontspec)             OpenSansCondensed-LightItalic scale =
(fontspec)             0.8135355156042454.


Package fontspec Info: 
(fontspec)             OpenSansCondensed-LightItalic scale = 1.


Package fontspec Info: 
(fontspec)             OpenSans-SemiBold scale = 0.7980895023261934.


Package fontspec Info: 
(fontspec)             OpenSans-SemiBold scale = 1.


Package fontspec Info: 
(fontspec)             OpenSans-SemiBoldItalic scale = 0.7980895023261934.


Package fontspec Info: 
(fontspec)             OpenSans-SemiBoldItalic scale = 1.


Package fontspec Info: 
(fontspec)             OpenSans-Bold scale = 0.7895228565302184.


Package fontspec Info: 
(fontspec)             OpenSans-Bold scale = 1.


Package fontspec Info: 
(fontspec)             OpenSans-BoldItalic scale = 0.7895228565302184.


Package fontspec Info: 
(fontspec)             OpenSans-BoldItalic scale = 1.


Package fontspec Info: 
(fontspec)             OpenSansCondensed-Bold scale = 0.7923565443054512.


Package fontspec Info: 
(fontspec)             OpenSansCondensed-Bold scale = 1.


Package fontspec Info: 
(fontspec)             OpenSans-ExtraBold scale = 0.7790702360681504.


Package fontspec Info: 
(fontspec)             OpenSans-ExtraBold scale = 1.


Package fontspec Info: 
(fontspec)             OpenSans-ExtraBoldItalic scale = 0.7790702360681504.


Package fontspec Info: 
(fontspec)             OpenSans-ExtraBoldItalic scale = 1.


Package fontspec Info: 
(fontspec)             OpenSans-Regular scale = 0.8053713294743502.


Package fontspec Info: 
(fontspec)             OpenSans-Regular scale = 1.


Package fontspec Info: 
(fontspec)             OpenSans-Italic scale = 0.8053713294743502.


Package fontspec Info: 
(fontspec)             OpenSans-Italic scale = 1.


Package fontspec Info: 
(fontspec)             Font family 'opensans-OsF' created for font 'OpenSans'
(fontspec)             with options
(fontspec)             [Scale=MatchLowercase,Extension=.ttf,Ligatures={TeX,Common},Scale=1,FontFace={l}{n}{*-Light},FontFace={l}{it}{*-LightItalic},FontFace={lc}{n}{*Condensed-Light},FontFace={lc}{it}{*Condensed-LightItalic},UprightFont={*-Regular},ItalicFont={*-Italic},FontFace={sb}{n}{*-SemiBold},FontFace={sb}{it}{*-SemiBoldItalic},FontFace={b}{n}{*-Bold},FontFace={b}{it}{*-BoldItalic},BoldFont={*-Bold},BoldItalicFont={*-BoldItalic},FontFace={bc}{n}{*Condensed-Bold},FontFace={eb}{n}{*-ExtraBold},FontFace={eb}{it}{*-ExtraBoldItalic},Numbers={Proportional,OldStyle},NFSSFamily=opensans-OsF].
(fontspec)              
(fontspec)              This font family consists of the following NFSS
(fontspec)             series/shapes:
(fontspec)              
(fontspec)             - (l/n) with NFSS spec.:
(fontspec)             <->s*[1]"[OpenSans-Light.ttf]/OT:script=latn;language=dflt;+liga;+pnum;+onum;mapping=tex-text;"
(fontspec)             - (l/it) with NFSS spec.:
(fontspec)             <->s*[1]"[OpenSans-LightItalic.ttf]/OT:script=latn;language=dflt;+liga;+pnum;+onum;mapping=tex-text;"
(fontspec)             - (lc/n) with NFSS spec.:
(fontspec)             <->s*[1]"[OpenSansCondensed-Light.ttf]/OT:script=latn;language=dflt;+liga;+pnum;+onum;mapping=tex-text;"
(fontspec)             - (lc/it) with NFSS spec.:
(fontspec)             <->s*[1]"[OpenSansCondensed-LightItalic.ttf]/OT:script=latn;language=dflt;+liga;+pnum;+onum;mapping=tex-text;"
(fontspec)             - (sb/n) with NFSS spec.:
(fontspec)             <->s*[1]"[OpenSans-SemiBold.ttf]/OT:script=latn;language=dflt;+liga;+pnum;+onum;mapping=tex-text;"
(fontspec)             - (sb/it) with NFSS spec.:
(fontspec)             <->s*[1]"[OpenSans-SemiBoldItalic.ttf]/OT:script=latn;language=dflt;+liga;+pnum;+onum;mapping=tex-text;"
(fontspec)             - 'bold' (b/n) with NFSS spec.:
(fontspec)             <->s*[1]"[OpenSans-Bold.ttf]/OT:script=latn;language=dflt;+liga;+pnum;+onum;mapping=tex-text;"
(fontspec)             - 'bold italic' (b/it) with NFSS spec.:
(fontspec)             <->s*[1]"[OpenSans-BoldItalic.ttf]/OT:script=latn;language=dflt;+liga;+pnum;+onum;mapping=tex-text;"
(fontspec)             - (bc/n) with NFSS spec.:
(fontspec)             <->s*[1]"[OpenSansCondensed-Bold.ttf]/OT:script=latn;language=dflt;+liga;+pnum;+onum;mapping=tex-text;"
(fontspec)             - (eb/n) with NFSS spec.:
(fontspec)             <->s*[1]"[OpenSans-ExtraBold.ttf]/OT:script=latn;language=dflt;+liga;+pnum;+onum;mapping=tex-text;"
(fontspec)             - (eb/it) with NFSS spec.:
(fontspec)             <->s*[1]"[OpenSans-ExtraBoldItalic.ttf]/OT:script=latn;language=dflt;+liga;+pnum;+onum;mapping=tex-text;"
(fontspec)             - 'normal' (m/n) with NFSS spec.:
(fontspec)             <->s*[1]"[OpenSans-Regular.ttf]/OT:script=latn;language=dflt;+liga;+pnum;+onum;mapping=tex-text;"
(fontspec)             - 'italic' (m/it) with NFSS spec.:
(fontspec)             <->s*[1]"[OpenSans-Italic.ttf]/OT:script=latn;language=dflt;+liga;+pnum;+onum;mapping=tex-text;"


Package fontspec Info: 
(fontspec)             OpenSans-Regular scale = 0.8053713294743502.


Package fontspec Info: 
(fontspec)             OpenSans-Regular scale = 1.


Package fontspec Info: 
(fontspec)             OpenSans-Light scale = 0.8120382476646556.


Package fontspec Info: 
(fontspec)             OpenSans-Light scale = 1.


Package fontspec Info: 
(fontspec)             OpenSans-LightItalic scale = 0.8120382476646556.


Package fontspec Info: 
(fontspec)             OpenSans-LightItalic scale = 1.


Package fontspec Info: 
(fontspec)             OpenSansCondensed-Light scale = 0.8135355156042454.


Package fontspec Info: 
(fontspec)             OpenSansCondensed-Light scale = 1.


Package fontspec Info: 
(fontspec)             OpenSansCondensed-LightItalic scale =
(fontspec)             0.8135355156042454.


Package fontspec Info: 
(fontspec)             OpenSansCondensed-LightItalic scale = 1.


Package fontspec Info: 
(fontspec)             OpenSans-SemiBold scale = 0.7980895023261934.


Package fontspec Info: 
(fontspec)             OpenSans-SemiBold scale = 1.


Package fontspec Info: 
(fontspec)             OpenSans-SemiBoldItalic scale = 0.7980895023261934.


Package fontspec Info: 
(fontspec)             OpenSans-SemiBoldItalic scale = 1.


Package fontspec Info: 
(fontspec)             OpenSans-Bold scale = 0.7895228565302184.


Package fontspec Info: 
(fontspec)             OpenSans-Bold scale = 1.


Package fontspec Info: 
(fontspec)             OpenSans-BoldItalic scale = 0.7895228565302184.


Package fontspec Info: 
(fontspec)             OpenSans-BoldItalic scale = 1.


Package fontspec Info: 
(fontspec)             OpenSansCondensed-Bold scale = 0.7923565443054512.


Package fontspec Info: 
(fontspec)             OpenSansCondensed-Bold scale = 1.


Package fontspec Info: 
(fontspec)             OpenSans-ExtraBold scale = 0.7790702360681504.


Package fontspec Info: 
(fontspec)             OpenSans-ExtraBold scale = 1.


Package fontspec Info: 
(fontspec)             OpenSans-ExtraBoldItalic scale = 0.7790702360681504.


Package fontspec Info: 
(fontspec)             OpenSans-ExtraBoldItalic scale = 1.


Package fontspec Info: 
(fontspec)             OpenSans-Regular scale = 0.8053713294743502.


Package fontspec Info: 
(fontspec)             OpenSans-Regular scale = 1.


Package fontspec Info: 
(fontspec)             OpenSans-Italic scale = 0.8053713294743502.


Package fontspec Info: 
(fontspec)             OpenSans-Italic scale = 1.


Package fontspec Info: 
(fontspec)             Font family 'fos' created for font 'OpenSans' with
(fontspec)             options
(fontspec)             [Scale=MatchLowercase,Extension=.ttf,Ligatures={TeX,Common},Scale=1,FontFace={l}{n}{*-Light},FontFace={l}{it}{*-LightItalic},FontFace={lc}{n}{*Condensed-Light},FontFace={lc}{it}{*Condensed-LightItalic},UprightFont={*-Regular},ItalicFont={*-Italic},FontFace={sb}{n}{*-SemiBold},FontFace={sb}{it}{*-SemiBoldItalic},FontFace={b}{n}{*-Bold},FontFace={b}{it}{*-BoldItalic},BoldFont={*-Bold},BoldItalicFont={*-BoldItalic},FontFace={bc}{n}{*Condensed-Bold},FontFace={eb}{n}{*-ExtraBold},FontFace={eb}{it}{*-ExtraBoldItalic},Numbers={Monospaced,Lining},NFSSFamily=fos].
(fontspec)              
(fontspec)              This font family consists of the following NFSS
(fontspec)             series/shapes:
(fontspec)              
(fontspec)             - (l/n) with NFSS spec.:
(fontspec)             <->s*[1]"[OpenSans-Light.ttf]/OT:script=latn;language=dflt;+liga;+tnum;+lnum;mapping=tex-text;"
(fontspec)             - (l/it) with NFSS spec.:
(fontspec)             <->s*[1]"[OpenSans-LightItalic.ttf]/OT:script=latn;language=dflt;+liga;+tnum;+lnum;mapping=tex-text;"
(fontspec)             - (lc/n) with NFSS spec.:
(fontspec)             <->s*[1]"[OpenSansCondensed-Light.ttf]/OT:script=latn;language=dflt;+liga;+tnum;+lnum;mapping=tex-text;"
(fontspec)             - (lc/it) with NFSS spec.:
(fontspec)             <->s*[1]"[OpenSansCondensed-LightItalic.ttf]/OT:script=latn;language=dflt;+liga;+tnum;+lnum;mapping=tex-text;"
(fontspec)             - (sb/n) with NFSS spec.:
(fontspec)             <->s*[1]"[OpenSans-SemiBold.ttf]/OT:script=latn;language=dflt;+liga;+tnum;+lnum;mapping=tex-text;"
(fontspec)             - (sb/it) with NFSS spec.:
(fontspec)             <->s*[1]"[OpenSans-SemiBoldItalic.ttf]/OT:script=latn;language=dflt;+liga;+tnum;+lnum;mapping=tex-text;"
(fontspec)             - 'bold' (b/n) with NFSS spec.:
(fontspec)             <->s*[1]"[OpenSans-Bold.ttf]/OT:script=latn;language=dflt;+liga;+tnum;+lnum;mapping=tex-text;"
(fontspec)             - 'bold italic' (b/it) with NFSS spec.:
(fontspec)             <->s*[1]"[OpenSans-BoldItalic.ttf]/OT:script=latn;language=dflt;+liga;+tnum;+lnum;mapping=tex-text;"
(fontspec)             - (bc/n) with NFSS spec.:
(fontspec)             <->s*[1]"[OpenSansCondensed-Bold.ttf]/OT:script=latn;language=dflt;+liga;+tnum;+lnum;mapping=tex-text;"
(fontspec)             - (eb/n) with NFSS spec.:
(fontspec)             <->s*[1]"[OpenSans-ExtraBold.ttf]/OT:script=latn;language=dflt;+liga;+tnum;+lnum;mapping=tex-text;"
(fontspec)             - (eb/it) with NFSS spec.:
(fontspec)             <->s*[1]"[OpenSans-ExtraBoldItalic.ttf]/OT:script=latn;language=dflt;+liga;+tnum;+lnum;mapping=tex-text;"
(fontspec)             - 'normal' (m/n) with NFSS spec.:
(fontspec)             <->s*[1]"[OpenSans-Regular.ttf]/OT:script=latn;language=dflt;+liga;+tnum;+lnum;mapping=tex-text;"
(fontspec)             - 'italic' (m/it) with NFSS spec.:
(fontspec)             <->s*[1]"[OpenSans-Italic.ttf]/OT:script=latn;language=dflt;+liga;+tnum;+lnum;mapping=tex-text;"


Package fontspec Info: 
(fontspec)             OpenSans-Regular scale = 0.8053713294743502.


Package fontspec Info: 
(fontspec)             OpenSans-Regular scale = 1.


Package fontspec Info: 
(fontspec)             OpenSans-Regular scale = 1.


Package fontspec Info: 
(fontspec)             OpenSans-Light scale = 0.8120382476646556.


Package fontspec Info: 
(fontspec)             OpenSans-Light scale = 1.


Package fontspec Info: 
(fontspec)             OpenSans-Light scale = 1.


Package fontspec Info: 
(fontspec)             OpenSans-LightItalic scale = 0.8120382476646556.


Package fontspec Info: 
(fontspec)             OpenSans-LightItalic scale = 1.


Package fontspec Info: 
(fontspec)             OpenSans-LightItalic scale = 1.


Package fontspec Info: 
(fontspec)             OpenSansCondensed-Light scale = 0.8135355156042454.


Package fontspec Info: 
(fontspec)             OpenSansCondensed-Light scale = 1.


Package fontspec Info: 
(fontspec)             OpenSansCondensed-Light scale = 1.


Package fontspec Info: 
(fontspec)             OpenSansCondensed-LightItalic scale =
(fontspec)             0.8135355156042454.


Package fontspec Info: 
(fontspec)             OpenSansCondensed-LightItalic scale = 1.


Package fontspec Info: 
(fontspec)             OpenSansCondensed-LightItalic scale = 1.


Package fontspec Info: 
(fontspec)             OpenSans-SemiBold scale = 0.7980895023261934.


Package fontspec Info: 
(fontspec)             OpenSans-SemiBold scale = 1.


Package fontspec Info: 
(fontspec)             OpenSans-SemiBold scale = 1.


Package fontspec Info: 
(fontspec)             OpenSans-SemiBoldItalic scale = 0.7980895023261934.


Package fontspec Info: 
(fontspec)             OpenSans-SemiBoldItalic scale = 1.


Package fontspec Info: 
(fontspec)             OpenSans-SemiBoldItalic scale = 1.


Package fontspec Info: 
(fontspec)             OpenSans-Bold scale = 0.7895228565302184.


Package fontspec Info: 
(fontspec)             OpenSans-Bold scale = 1.


Package fontspec Info: 
(fontspec)             OpenSans-Bold scale = 1.


Package fontspec Info: 
(fontspec)             OpenSans-BoldItalic scale = 0.7895228565302184.


Package fontspec Info: 
(fontspec)             OpenSans-BoldItalic scale = 1.


Package fontspec Info: 
(fontspec)             OpenSans-BoldItalic scale = 1.


Package fontspec Info: 
(fontspec)             OpenSansCondensed-Bold scale = 0.7923565443054512.


Package fontspec Info: 
(fontspec)             OpenSansCondensed-Bold scale = 1.


Package fontspec Info: 
(fontspec)             OpenSansCondensed-Bold scale = 1.


Package fontspec Info: 
(fontspec)             OpenSans-ExtraBold scale = 0.7790702360681504.


Package fontspec Info: 
(fontspec)             OpenSans-ExtraBold scale = 1.


Package fontspec Info: 
(fontspec)             OpenSans-ExtraBold scale = 1.


Package fontspec Info: 
(fontspec)             OpenSans-ExtraBoldItalic scale = 0.7790702360681504.


Package fontspec Info: 
(fontspec)             OpenSans-ExtraBoldItalic scale = 1.


Package fontspec Info: 
(fontspec)             OpenSans-ExtraBoldItalic scale = 1.


Package fontspec Info: 
(fontspec)             OpenSans-Regular scale = 0.8053713294743502.


Package fontspec Info: 
(fontspec)             OpenSans-Regular scale = 1.


Package fontspec Info: 
(fontspec)             OpenSans-Regular scale = 1.


Package fontspec Info: 
(fontspec)             OpenSans-Italic scale = 0.8053713294743502.


Package fontspec Info: 
(fontspec)             OpenSans-Italic scale = 1.


Package fontspec Info: 
(fontspec)             OpenSans-Italic scale = 1.


Package fontspec Info: 
(fontspec)             Font family 'OpenSans(0)' created for font 'OpenSans'
(fontspec)             with options
(fontspec)             [Scale=MatchLowercase,Ligatures=TeX,Scale=1,Extension=.ttf,Ligatures={TeX,Common},Scale=1,FontFace={l}{n}{*-Light},FontFace={l}{it}{*-LightItalic},FontFace={lc}{n}{*Condensed-Light},FontFace={lc}{it}{*Condensed-LightItalic},UprightFont={*-Regular},ItalicFont={*-Italic},FontFace={sb}{n}{*-SemiBold},FontFace={sb}{it}{*-SemiBoldItalic},FontFace={b}{n}{*-Bold},FontFace={b}{it}{*-BoldItalic},BoldFont={*-Bold},BoldItalicFont={*-BoldItalic},FontFace={bc}{n}{*Condensed-Bold},FontFace={eb}{n}{*-ExtraBold},FontFace={eb}{it}{*-ExtraBoldItalic},Numbers={Monospaced,Lining}].
(fontspec)              
(fontspec)              This font family consists of the following NFSS
(fontspec)             series/shapes:
(fontspec)              
(fontspec)             - (l/n) with NFSS spec.:
(fontspec)             <->s*[1]"[OpenSans-Light.ttf]/OT:script=latn;language=dflt;+liga;+tnum;+lnum;mapping=tex-text;"
(fontspec)             - (l/it) with NFSS spec.:
(fontspec)             <->s*[1]"[OpenSans-LightItalic.ttf]/OT:script=latn;language=dflt;+liga;+tnum;+lnum;mapping=tex-text;"
(fontspec)             - (lc/n) with NFSS spec.:
(fontspec)             <->s*[1]"[OpenSansCondensed-Light.ttf]/OT:script=latn;language=dflt;+liga;+tnum;+lnum;mapping=tex-text;"
(fontspec)             - (lc/it) with NFSS spec.:
(fontspec)             <->s*[1]"[OpenSansCondensed-LightItalic.ttf]/OT:script=latn;language=dflt;+liga;+tnum;+lnum;mapping=tex-text;"
(fontspec)             - (sb/n) with NFSS spec.:
(fontspec)             <->s*[1]"[OpenSans-SemiBold.ttf]/OT:script=latn;language=dflt;+liga;+tnum;+lnum;mapping=tex-text;"
(fontspec)             - (sb/it) with NFSS spec.:
(fontspec)             <->s*[1]"[OpenSans-SemiBoldItalic.ttf]/OT:script=latn;language=dflt;+liga;+tnum;+lnum;mapping=tex-text;"
(fontspec)             - 'bold' (b/n) with NFSS spec.:
(fontspec)             <->s*[1]"[OpenSans-Bold.ttf]/OT:script=latn;language=dflt;+liga;+tnum;+lnum;mapping=tex-text;"
(fontspec)             - 'bold italic' (b/it) with NFSS spec.:
(fontspec)             <->s*[1]"[OpenSans-BoldItalic.ttf]/OT:script=latn;language=dflt;+liga;+tnum;+lnum;mapping=tex-text;"
(fontspec)             - (bc/n) with NFSS spec.:
(fontspec)             <->s*[1]"[OpenSansCondensed-Bold.ttf]/OT:script=latn;language=dflt;+liga;+tnum;+lnum;mapping=tex-text;"
(fontspec)             - (eb/n) with NFSS spec.:
(fontspec)             <->s*[1]"[OpenSans-ExtraBold.ttf]/OT:script=latn;language=dflt;+liga;+tnum;+lnum;mapping=tex-text;"
(fontspec)             - (eb/it) with NFSS spec.:
(fontspec)             <->s*[1]"[OpenSans-ExtraBoldItalic.ttf]/OT:script=latn;language=dflt;+liga;+tnum;+lnum;mapping=tex-text;"
(fontspec)             - 'normal' (m/n) with NFSS spec.:
(fontspec)             <->s*[1]"[OpenSans-Regular.ttf]/OT:script=latn;language=dflt;+liga;+tnum;+lnum;mapping=tex-text;"
(fontspec)             - 'italic' (m/it) with NFSS spec.:
(fontspec)             <->s*[1]"[OpenSans-Italic.ttf]/OT:script=latn;language=dflt;+liga;+tnum;+lnum;mapping=tex-text;"

LaTeX Font Info:    Font shape `TU/OpenSans(0)/m/n' will be
(Font)              scaled to size 10.95pt on input line 151.
Requested font "[OpenSans-Regular.ttf]/OT:script=latn;language=dflt;+liga;+tnum;+lnum;mapping=tex-text;" at 10.95pt
 -> c:/Users/alice.beittel/AppData/Roaming/TinyTeX/texmf-dist/fonts/truetype/ascender/opensans/OpenSans-Regular.ttf

Package fontspec Info: 
(fontspec)             OpenSans-Regular scale = 0.9999973960977921.


Package fontspec Info: 
(fontspec)             OpenSans-Regular scale = 1.


Package fontspec Info: 
(fontspec)             OpenSans-Light scale = 1.008275441995768.


Package fontspec Info: 
(fontspec)             OpenSans-Light scale = 1.


Package fontspec Info: 
(fontspec)             OpenSans-LightItalic scale = 1.008275441995768.


Package fontspec Info: 
(fontspec)             OpenSans-LightItalic scale = 1.


Package fontspec Info: 
(fontspec)             OpenSansCondensed-Light scale = 1.010134539763536.


Package fontspec Info: 
(fontspec)             OpenSansCondensed-Light scale = 1.


Package fontspec Info: 
(fontspec)             OpenSansCondensed-LightItalic scale =
(fontspec)             1.010134539763536.


Package fontspec Info: 
(fontspec)             OpenSansCondensed-LightItalic scale = 1.


Package fontspec Info: 
(fontspec)             OpenSans-SemiBold scale = 0.9909558423194329.


Package fontspec Info: 
(fontspec)             OpenSans-SemiBold scale = 1.


Package fontspec Info: 
(fontspec)             OpenSans-SemiBoldItalic scale = 0.9909558423194329.


Package fontspec Info: 
(fontspec)             OpenSans-SemiBoldItalic scale = 1.


Package fontspec Info: 
(fontspec)             OpenSans-Bold scale = 0.9803189805691414.


Package fontspec Info: 
(fontspec)             OpenSans-Bold scale = 1.


Package fontspec Info: 
(fontspec)             OpenSans-BoldItalic scale = 0.9803189805691414.


Package fontspec Info: 
(fontspec)             OpenSans-BoldItalic scale = 1.


Package fontspec Info: 
(fontspec)             OpenSansCondensed-Bold scale = 0.983837457441712.


Package fontspec Info: 
(fontspec)             OpenSansCondensed-Bold scale = 1.


Package fontspec Info: 
(fontspec)             OpenSans-ExtraBold scale = 0.9673403794420207.


Package fontspec Info: 
(fontspec)             OpenSans-ExtraBold scale = 1.


Package fontspec Info: 
(fontspec)             OpenSans-ExtraBoldItalic scale = 0.9673403794420207.


Package fontspec Info: 
(fontspec)             OpenSans-ExtraBoldItalic scale = 1.


Package fontspec Info: 
(fontspec)             OpenSans-Regular scale = 0.9999973960977921.


Package fontspec Info: 
(fontspec)             OpenSans-Regular scale = 1.


Package fontspec Info: 
(fontspec)             OpenSans-Italic scale = 0.9999973960977921.


Package fontspec Info: 
(fontspec)             OpenSans-Italic scale = 1.


Package fontspec Info: 
(fontspec)             Font family 'OpenSans(1)' created for font 'OpenSans'
(fontspec)             with options
(fontspec)             [Scale=MatchLowercase,Extension=.ttf,Ligatures={TeX,Common},Scale=1,FontFace={l}{n}{*-Light},FontFace={l}{it}{*-LightItalic},FontFace={lc}{n}{*Condensed-Light},FontFace={lc}{it}{*Condensed-LightItalic},UprightFont={*-Regular},ItalicFont={*-Italic},FontFace={sb}{n}{*-SemiBold},FontFace={sb}{it}{*-SemiBoldItalic},FontFace={b}{n}{*-Bold},FontFace={b}{it}{*-BoldItalic},BoldFont={*-Bold},BoldItalicFont={*-BoldItalic},FontFace={bc}{n}{*Condensed-Bold},FontFace={eb}{n}{*-ExtraBold},FontFace={eb}{it}{*-ExtraBoldItalic},Numbers={Monospaced,Lining}].
(fontspec)              
(fontspec)              This font family consists of the following NFSS
(fontspec)             series/shapes:
(fontspec)              
(fontspec)             - (l/n) with NFSS spec.:
(fontspec)             <->s*[1]"[OpenSans-Light.ttf]/OT:script=latn;language=dflt;+liga;+tnum;+lnum;mapping=tex-text;"
(fontspec)             - (l/it) with NFSS spec.:
(fontspec)             <->s*[1]"[OpenSans-LightItalic.ttf]/OT:script=latn;language=dflt;+liga;+tnum;+lnum;mapping=tex-text;"
(fontspec)             - (lc/n) with NFSS spec.:
(fontspec)             <->s*[1]"[OpenSansCondensed-Light.ttf]/OT:script=latn;language=dflt;+liga;+tnum;+lnum;mapping=tex-text;"
(fontspec)             - (lc/it) with NFSS spec.:
(fontspec)             <->s*[1]"[OpenSansCondensed-LightItalic.ttf]/OT:script=latn;language=dflt;+liga;+tnum;+lnum;mapping=tex-text;"
(fontspec)             - (sb/n) with NFSS spec.:
(fontspec)             <->s*[1]"[OpenSans-SemiBold.ttf]/OT:script=latn;language=dflt;+liga;+tnum;+lnum;mapping=tex-text;"
(fontspec)             - (sb/it) with NFSS spec.:
(fontspec)             <->s*[1]"[OpenSans-SemiBoldItalic.ttf]/OT:script=latn;language=dflt;+liga;+tnum;+lnum;mapping=tex-text;"
(fontspec)             - 'bold' (b/n) with NFSS spec.:
(fontspec)             <->s*[1]"[OpenSans-Bold.ttf]/OT:script=latn;language=dflt;+liga;+tnum;+lnum;mapping=tex-text;"
(fontspec)             - 'bold italic' (b/it) with NFSS spec.:
(fontspec)             <->s*[1]"[OpenSans-BoldItalic.ttf]/OT:script=latn;language=dflt;+liga;+tnum;+lnum;mapping=tex-text;"
(fontspec)             - (bc/n) with NFSS spec.:
(fontspec)             <->s*[1]"[OpenSansCondensed-Bold.ttf]/OT:script=latn;language=dflt;+liga;+tnum;+lnum;mapping=tex-text;"
(fontspec)             - (eb/n) with NFSS spec.:
(fontspec)             <->s*[1]"[OpenSans-ExtraBold.ttf]/OT:script=latn;language=dflt;+liga;+tnum;+lnum;mapping=tex-text;"
(fontspec)             - (eb/it) with NFSS spec.:
(fontspec)             <->s*[1]"[OpenSans-ExtraBoldItalic.ttf]/OT:script=latn;language=dflt;+liga;+tnum;+lnum;mapping=tex-text;"
(fontspec)             - 'normal' (m/n) with NFSS spec.:
(fontspec)             <->s*[1]"[OpenSans-Regular.ttf]/OT:script=latn;language=dflt;+liga;+tnum;+lnum;mapping=tex-text;"
(fontspec)             - 'italic' (m/it) with NFSS spec.:
(fontspec)             <->s*[1]"[OpenSans-Italic.ttf]/OT:script=latn;language=dflt;+liga;+tnum;+lnum;mapping=tex-text;"

LaTeX Font Info:    Overwriting math alphabet `\mathrm' in version `normal'
(Font)                  OT1/lmr/m/n --> TU/OpenSans(1)/m/n on input line 151.
LaTeX Font Info:    Overwriting math alphabet `\mathit' in version `normal'
(Font)                  OT1/lmr/m/it --> TU/OpenSans(1)/m/it on input line 151.
LaTeX Font Info:    Overwriting math alphabet `\mathbf' in version `normal'
(Font)                  OT1/lmr/bx/n --> TU/OpenSans(1)/b/n on input line 151.
)
LaTeX Font Info:    Font shape `TU/OpenSans(0)/lc/n' will be
(Font)              scaled to size 10.95pt on input line 113.
Requested font "[OpenSansCondensed-Light.ttf]/OT:script=latn;language=dflt;+liga;+tnum;+lnum;mapping=tex-text;" at 10.95pt
 -> c:/Users/alice.beittel/AppData/Roaming/TinyTeX/texmf-dist/fonts/truetype/ascender/opensans/OpenSansCondensed-Light.ttf
(c:/Users/alice.beittel/AppData/Roaming/TinyTeX/texmf-dist/tex/latex/bookmark/bookmark.sty
Package: bookmark 2023-12-10 v1.31 PDF bookmarks (HO)
(c:/Users/alice.beittel/AppData/Roaming/TinyTeX/texmf-dist/tex/latex/hyperref/hyperref.sty
Package: hyperref 2024-11-05 v7.01l Hypertext links for LaTeX
(c:/Users/alice.beittel/AppData/Roaming/TinyTeX/texmf-dist/tex/latex/kvsetkeys/kvsetkeys.sty
Package: kvsetkeys 2022-10-05 v1.19 Key value parser (HO)
) (c:/Users/alice.beittel/AppData/Roaming/TinyTeX/texmf-dist/tex/generic/kvdefinekeys/kvdefinekeys.sty
Package: kvdefinekeys 2019-12-19 v1.6 Define keys (HO)
) (c:/Users/alice.beittel/AppData/Roaming/TinyTeX/texmf-dist/tex/generic/pdfescape/pdfescape.sty
Package: pdfescape 2019/12/09 v1.15 Implements pdfTeX's escape features (HO)
(c:/Users/alice.beittel/AppData/Roaming/TinyTeX/texmf-dist/tex/generic/ltxcmds/ltxcmds.sty
Package: ltxcmds 2023-12-04 v1.26 LaTeX kernel commands for general use (HO)
) (c:/Users/alice.beittel/AppData/Roaming/TinyTeX/texmf-dist/tex/generic/pdftexcmds/pdftexcmds.sty
Package: pdftexcmds 2020-06-27 v0.33 Utility functions of pdfTeX for LuaTeX (HO)
(c:/Users/alice.beittel/AppData/Roaming/TinyTeX/texmf-dist/tex/generic/infwarerr/infwarerr.sty
Package: infwarerr 2019/12/03 v1.5 Providing info/warning/error messages (HO)
)
Package pdftexcmds Info: \pdf@primitive is available.
Package pdftexcmds Info: \pdf@ifprimitive is available.
Package pdftexcmds Info: \pdfdraftmode not found.
)) (c:/Users/alice.beittel/AppData/Roaming/TinyTeX/texmf-dist/tex/latex/hycolor/hycolor.sty
Package: hycolor 2020-01-27 v1.10 Color options for hyperref/bookmark (HO)
) (c:/Users/alice.beittel/AppData/Roaming/TinyTeX/texmf-dist/tex/latex/hyperref/nameref.sty
Package: nameref 2023-11-26 v2.56 Cross-referencing by name of section
(c:/Users/alice.beittel/AppData/Roaming/TinyTeX/texmf-dist/tex/latex/refcount/refcount.sty
Package: refcount 2019/12/15 v3.6 Data extraction from label references (HO)
) (c:/Users/alice.beittel/AppData/Roaming/TinyTeX/texmf-dist/tex/generic/gettitlestring/gettitlestring.sty
Package: gettitlestring 2019/12/15 v1.6 Cleanup title references (HO)
(c:/Users/alice.beittel/AppData/Roaming/TinyTeX/texmf-dist/tex/latex/kvoptions/kvoptions.sty
Package: kvoptions 2022-06-15 v3.15 Key value format for package options (HO)
))
\c@section@level=\count313
) (c:/Users/alice.beittel/AppData/Roaming/TinyTeX/texmf-dist/tex/generic/stringenc/stringenc.sty
Package: stringenc 2019/11/29 v1.12 Convert strings between diff. encodings (HO)
)
\@linkdim=\dimen176
\Hy@linkcounter=\count314
\Hy@pagecounter=\count315
(c:/Users/alice.beittel/AppData/Roaming/TinyTeX/texmf-dist/tex/latex/hyperref/pd1enc.def
File: pd1enc.def 2024-11-05 v7.01l Hyperref: PDFDocEncoding definition (HO)
) (c:/Users/alice.beittel/AppData/Roaming/TinyTeX/texmf-dist/tex/generic/intcalc/intcalc.sty
Package: intcalc 2019/12/15 v1.3 Expandable calculations with integers (HO)
)
\Hy@SavedSpaceFactor=\count316
(c:/Users/alice.beittel/AppData/Roaming/TinyTeX/texmf-dist/tex/latex/hyperref/puenc.def
File: puenc.def 2024-11-05 v7.01l Hyperref: PDF Unicode definition (HO)
)
Package hyperref Info: Option `unicode' set `true' on input line 4040.
Package hyperref Info: Hyper figures OFF on input line 4157.
Package hyperref Info: Link nesting OFF on input line 4162.
Package hyperref Info: Hyper index ON on input line 4165.
Package hyperref Info: Plain pages OFF on input line 4172.
Package hyperref Info: Backreferencing OFF on input line 4177.
Package hyperref Info: Implicit mode ON; LaTeX internals redefined.
Package hyperref Info: Bookmarks ON on input line 4424.
\c@Hy@tempcnt=\count317
(c:/Users/alice.beittel/AppData/Roaming/TinyTeX/texmf-dist/tex/latex/url/url.sty
\Urlmuskip=\muskip19
Package: url 2013/09/16  ver 3.4  Verb mode for urls, etc.
)
LaTeX Info: Redefining \url on input line 4763.
\XeTeXLinkMargin=\dimen177
Requested font "pzdr" at 0.00002pt
 -> c:/Users/alice.beittel/AppData/Roaming/TinyTeX/texmf-dist/fonts/tfm/adobe/zapfding/pzdr.tfm
(c:/Users/alice.beittel/AppData/Roaming/TinyTeX/texmf-dist/tex/generic/bitset/bitset.sty
Package: bitset 2019/12/09 v1.3 Handle bit-vector datatype (HO)
(c:/Users/alice.beittel/AppData/Roaming/TinyTeX/texmf-dist/tex/generic/bigintcalc/bigintcalc.sty
Package: bigintcalc 2019/12/15 v1.5 Expandable calculations on big integers (HO)
))
\Fld@menulength=\count318
\Field@Width=\dimen178
\Fld@charsize=\dimen179
Package hyperref Info: Hyper figures OFF on input line 6042.
Package hyperref Info: Link nesting OFF on input line 6047.
Package hyperref Info: Hyper index ON on input line 6050.
Package hyperref Info: backreferencing OFF on input line 6057.
Package hyperref Info: Link coloring OFF on input line 6062.
Package hyperref Info: Link coloring with OCG OFF on input line 6067.
Package hyperref Info: PDF/A mode OFF on input line 6072.
(c:/Users/alice.beittel/AppData/Roaming/TinyTeX/texmf-dist/tex/latex/base/atbegshi-ltx.sty
Package: atbegshi-ltx 2021/01/10 v1.0c Emulation of the original atbegshi
package with kernel methods
)
\Hy@abspage=\count319
\c@Item=\count320
\c@Hfootnote=\count321
)
Package hyperref Info: Driver (autodetected): hxetex.
(c:/Users/alice.beittel/AppData/Roaming/TinyTeX/texmf-dist/tex/latex/hyperref/hxetex.def
File: hxetex.def 2024-11-05 v7.01l Hyperref driver for XeTeX
\pdfm@box=\box66
\c@Hy@AnnotLevel=\count322
\HyField@AnnotCount=\count323
\Fld@listcount=\count324
\c@bookmark@seq@number=\count325
(c:/U